../img/test/test1HD.png
8.04744 [ms], 8047443 ticks.
../img/test/test1LD.png
1.55099 [ms], 1550992 ticks.
../img/test/test1_mirror.png
3.13189 [ms], 3131890 ticks.
../img/test/test1.png
3.31304 [ms], 3313035 ticks.
../img/test/test2HD.png
15.8382 [ms], 15838209 ticks.
../img/test/test2LD.png
1.59926 [ms], 1599259 ticks.
../img/test/test2_mirror.png
3.56075 [ms], 3560752 ticks.
../img/test/test2.png
3.80596 [ms], 3805957 ticks.
../img/test/test3HD.png
8.39685 [ms], 8396850 ticks.
../img/test/test3LD.png
2.16884 [ms], 2168841 ticks.
../img/test/test3_mirror.png
4.37055 [ms], 4370548 ticks.
../img/test/test3.png
4.00812 [ms], 4008122 ticks.
